<?xml version="1.0" encoding="UTF-8"?>
<!-- Generated by org.testng.reporters.JUnitReportReporter -->
<testsuite hostname="SumitShah-PC" name="com.facebook.qa.tests.HomePageTest" tests="3" failures="0" timestamp="14 Apr 2019 06:06:48 GMT" time="114.327" errors="0">
  <testcase name="verifyHomePageLabelTest" time="50.988" classname="com.facebook.qa.tests.HomePageTest"/>
  <testcase name="clickOnProfileLinkTest" time="24.424" classname="com.facebook.qa.tests.HomePageTest"/>
  <testcase name="verifyHomePageTitleTest" time="38.915" classname="com.facebook.qa.tests.HomePageTest"/>
</testsuite> <!-- com.facebook.qa.tests.HomePageTest -->
