<?xml version="1.0" encoding="UTF-8"?>
<!-- Generated by org.testng.reporters.JUnitReportReporter -->
<testsuite hostname="Radha-PC" failures="0" tests="1" name="in.amazon.qa.tests.LoginPageTest" time="53.637" errors="0" timestamp="23 Mar 2020 06:04:44 GMT">
  <testcase classname="in.amazon.qa.tests.LoginPageTest" name="clickOnLoginPageTest" time="53.637"/>
</testsuite> <!-- in.amazon.qa.tests.LoginPageTest -->
