<?xml version="1.0" encoding="UTF-8"?>
<!-- Generated by org.testng.reporters.JUnitReportReporter -->
<testsuite hostname="Radha-PC" failures="0" tests="1" name="in.amazon.qa.tests.LandingPageTest" time="18.312" errors="0" timestamp="23 Mar 2020 06:11:29 GMT">
  <testcase classname="in.amazon.qa.tests.LandingPageTest" name="verifyLandingPageTitleTest" time="18.312"/>
</testsuite> <!-- in.amazon.qa.tests.LandingPageTest -->
